<?xml version="1.0" encoding="UTF-8"?>
<!-- Generated by org.testng.reporters.JUnitReportReporter -->
<testsuite hostname="DESKTOP-9GL3C6H" failures="0" tests="12" name="swag_testcase.Login_page_Test_Case" time="14.161" errors="0" timestamp="2023-02-10T11:34:09 IST" skipped="0">
  <testcase classname="swag_testcase.Login_page_Test_Case" name="login_Test_case" time="0.316"/>
  <system-out/>
  <testcase classname="swag_testcase.Login_page_Test_Case" name="login_Test_case" time="0.333"/>
  <system-out/>
  <testcase classname="swag_testcase.Login_page_Test_Case" name="login_Test_case" time="0.311"/>
  <system-out/>
  <testcase classname="swag_testcase.Login_page_Test_Case" name="login_Test_case" time="0.339"/>
  <system-out/>
  <testcase classname="swag_testcase.Login_page_Test_Case" name="login_Test_case" time="0.532"/>
  <system-out/>
  <testcase classname="swag_testcase.Login_page_Test_Case" name="login_Test_case" time="0.411"/>
  <system-out/>
  <testcase classname="swag_testcase.Login_page_Test_Case" name="login_Test_case" time="0.320"/>
  <system-out/>
  <testcase classname="swag_testcase.Login_page_Test_Case" name="login_Test_case" time="5.312"/>
  <system-out/>
  <testcase classname="swag_testcase.Login_page_Test_Case" name="login_Test_case" time="0.301"/>
  <system-out/>
  <testcase classname="swag_testcase.Login_page_Test_Case" name="login_Test_case" time="0.327"/>
  <system-out/>
  <testcase classname="swag_testcase.Login_page_Test_Case" name="login_Test_case" time="5.331"/>
  <system-out/>
  <testcase classname="swag_testcase.Login_page_Test_Case" name="login_Test_case" time="0.328"/>
  <system-out/>
</testsuite> <!-- swag_testcase.Login_page_Test_Case -->
