<?xml version="1.0" encoding="UTF-8"?>
<!-- Generated by org.testng.reporters.JUnitReportReporter -->
<testsuite hostname="DESKTOP-9GL3C6H" failures="0" tests="1" name="swag_common_functions.Common_Functions" time="4.852" errors="0" timestamp="2023-01-28T10:13:28 IST" skipped="0">
  <testcase classname="swag_common_functions.Common_Functions" name="launchbrowser" time="4.852"/>
  <system-out/>
</testsuite> <!-- swag_common_functions.Common_Functions -->
