<?xml version="1.0" encoding="UTF-8"?>
<!-- Generated by org.testng.reporters.JUnitReportReporter -->
<testsuite hostname="DESKTOP-9GL3C6H" failures="0" tests="1" name="swag_testcase.Login_test_cases" time="1.428" errors="0" timestamp="2023-01-28T11:07:13 IST" skipped="0">
  <testcase classname="swag_testcase.Login_test_cases" name="login" time="1.428"/>
  <system-out/>
</testsuite> <!-- swag_testcase.Login_test_cases -->
